<?xml version="1.0" encoding="utf-8" ?>
<!-- DO NOT EDIT THIS FILE -->

<log version='2.0' source='mc'>
	<!-- Successfully loaded CCRT at address 00000000C6000000 - 00000000C60C2000 -->
	<!-- Successfully loaded MC at address 00000000C5000000 - 00000000C5B0F000 -->
	<!-- Analysis started for D:\Document\VS Prj\RealtimeGPURayTracer\x64\Debug\RealtimeGPURayTracer.exe, pid = 2916 -->
	<msg id='1' source='mc'>
		<type>EXEC_OF_INTEREST</type>
		<severity>INFO</severity>
		<timestamp>Fri Nov 07 21:48:28 2014</timestamp>
		<arg name='path'>D:\Document\VS Prj\RealtimeGPURayTracer\x64\Debug\RealtimeGPURayTracer.exe</arg>
		<arg name='pid'>2916</arg>
	</msg>
	<!-- Command line: C:\Program Files (x86)\Intel\Inspector XE 2013\bin32\pin -xyzzy -mesgoff console -xyzzy -bridge_save_x87 0 -bridge_save_mxcsr 0 -follow_execv -error_file D:\Document\VS Prj\RealtimeGPURayTracer\RealtimeGPURayTracer\My Inspector XE Results - RealtimeGPURayTracer\r000mi1\data.0\pin_error.log -logfile D:\Document\VS Prj\RealtimeGPURayTracer\RealtimeGPURayTracer\My Inspector XE Results - RealtimeGPURayTracer\r000mi1\data.0\pin.log -xyzzy -region_max_inss 500 -p64 C:\Program Files (x86)\Intel\Inspector XE 2013\bin64\pin -t64 C:\Program Files (x86)\Intel\Inspector XE 2013\bin64\memchkr -t C:\Program Files (x86)\Intel\Inspector XE 2013\bin32\memchkr -no-analyze-stack -no-access-checks -leak-check-on-exit -leak-check-report-reachable -check-resource-leaks -freelist-vol 0 -leak-maximum 100000 -guard-zone-size 0 -stack-depth 8 -heartbeat 1 -mrte-mode auto -working-dir D:\Document\VS Prj\RealtimeGPURayTracer\RealtimeGPURayTracer\My Inspector XE Results - RealtimeGPURayTracer\r000mi1\data.0 -log mc_RealtimeGPURayTracer.log -result RealtimeGPURayTracer - D:\Document\VS Prj\RealtimeGPURayTracer\x64\Debug\RealtimeGPURayTracer.exe  -->
	<!-- mc's options are the following:  -->
	<!-- -help                              false -->
	<!-- -verbose                           false -->
	<!-- -xyzzy                             false -->
	<!-- -version                           false -->
	<!-- -help-all                          false -->
	<!-- -xyzzy-all                         false -->
	<!-- -report-all-instances              false -->
	<!-- -check-for-padded-structures       true -->
	<!-- -check-for-bitfields               true -->
	<!-- -analyze-stack                     false -->
	<!-- -access-checks                     false -->
	<!-- -check-uninit-read                 false -->
	<!-- -check-invalid-access              false -->
	<!-- -advanced-uninit-read              false -->
	<!-- -duplicate-uninits                 false -->
	<!-- -bss-initialized                   true -->
	<!-- -align-alloc-size                  false -->
	<!-- -report-uninit-read                false -->
	<!-- -ignore-system-libraries           false -->
	<!-- -gen-suppressions                  false -->
	<!-- -leak-check-on-exit                true -->
	<!-- -leak-check-on-demand              false -->
	<!-- -leak-check-uses-baseline          true -->
	<!-- -enable-memory-growth              false -->
	<!-- -leak-check-report-reachable       true -->
	<!-- -leak-check-full                   true -->
	<!-- -check-resource-leaks              true -->
	<!-- -xml                               true -->
	<!-- -trace-children                    false -->
	<!-- -enable-poke                       false -->
	<!-- -jit-mode-anyway                   false -->
	<!-- -disable-probe-mode-mismatches-64  true -->
	<!-- -aggressive-callstack-caching      false -->
	<!-- -suppress-breakpoints              false -->
	<!-- -monitor-memory                    false -->
	<!-- -freelist-vol                      0 -->
	<!-- -leak-maximum                      100000 -->
	<!-- -guard-zone-size                   0 -->
	<!-- -stack-depth                       8 -->
	<!-- -asdp-major                        2 -->
	<!-- -asdp-minor                        0 -->
	<!-- -heartbeat                         1 -->
	<!-- -breakpoint-file                   (null) -->
	<!-- -config-file                       (null) -->
	<!-- -log                               mc_RealtimeGPURayTracer.log -->
	<!-- -ignore-commands                   (null),  -->
	<!-- -ignore-modules                    (null),  -->
	<!-- -ignore-symbols                    (null),  -->
	<!-- -module-of-interest                (null),  -->
	<!-- -executable-of-interest            (null),  -->
	<!-- -working-dir                       D:\Document\VS Prj\RealtimeGPURayTracer\RealtimeGPURayTracer\My Inspector XE Results - RealtimeGPURayTracer\r000mi1\data.0 -->
	<!-- -result                            RealtimeGPURayTracer -->
	<!-- -exclude-module                    (null),  -->
	<!-- -include-module                    (null),  -->
	<!-- -only-exec-commands                (null),  -->
	<!-- -suppressions                      (null),  -->
	<!-- -debug                             none -->
	<!-- -shared-mem-name                   (null) -->
	<!-- -poke-function                     (null),  -->
	<!-- -log-socket                        (null) -->
	<!-- -analysis-mode                     (null) -->
	<!-- -disable-gatekeeping               false -->
	<!-- -ignore-os-allocators              false -->
	<!-- -mrte-mode                         auto -->
	<!-- probe mode: yes -->
	<!-- invalid access: no -->
	<!-- uninit read: no -->
	<!-- Module loaded C:\Program Files\NVIDIA Corporation\CoProcManager\detoured.dll, address range [0x0000000013280000-0x0000000013285FFF] -->
	<msg id='2' source='mc'>
		<type>MODULE_LOAD</type>
		<severity>INFO</severity>
		<timestamp>Fri Nov 07 21:48:28 2014</timestamp>
		<arg name='path'>C:\Program Files\NVIDIA Corporation\CoProcManager\detoured.dll</arg>
		<arg name='addr1'>0x0000000013280000</arg>
		<arg name='addr2'>0x0000000013285FFF</arg>
	</msg>
	<!-- Module loaded C:\Windows\system32\kernel32.dll, address range [0x0000000076B30000-0x0000000076C4EFFF], minimal analysis -->
	<msg id='3' source='mc'>
		<type>MODULE_LOAD_NO_ANALYSIS</type>
		<severity>INFO</severity>
		<timestamp>Fri Nov 07 21:48:28 2014</timestamp>
		<arg name='path'>C:\Windows\system32\kernel32.dll</arg>
		<arg name='addr1'>0x0000000076B30000</arg>
		<arg name='addr2'>0x0000000076C4EFFF</arg>
	</msg>
	<!-- Module loaded C:\Windows\system32\USER32.dll, address range [0x0000000076C50000-0x0000000076D49FFF], minimal analysis -->
	<msg id='4' source='mc'>
		<type>MODULE_LOAD_NO_ANALYSIS</type>
		<severity>INFO</severity>
		<timestamp>Fri Nov 07 21:48:28 2014</timestamp>
		<arg name='path'>C:\Windows\system32\USER32.dll</arg>
		<arg name='addr1'>0x0000000076C50000</arg>
		<arg name='addr2'>0x0000000076D49FFF</arg>
	</msg>
	<!-- Module loaded C:\Windows\SYSTEM32\ntdll.dll, address range [0x0000000076D50000-0x0000000076EF8FFF], minimal analysis -->
	<msg id='5' source='mc'>
		<type>MODULE_LOAD_NO_ANALYSIS</type>
		<severity>INFO</severity>
		<timestamp>Fri Nov 07 21:48:28 2014</timestamp>
		<arg name='path'>C:\Windows\SYSTEM32\ntdll.dll</arg>
		<arg name='addr1'>0x0000000076D50000</arg>
		<arg name='addr2'>0x0000000076EF8FFF</arg>
	</msg>
	<!-- Module loaded C:\Program Files (x86)\Intel\Inspector XE 2013\bin64\ccrt12.dll, address range [0x00000000C6000000-0x00000000C61ADFFF], minimal analysis -->
	<msg id='6' source='mc'>
		<type>MODULE_LOAD_NO_ANALYSIS</type>
		<severity>INFO</severity>
		<timestamp>Fri Nov 07 21:48:28 2014</timestamp>
		<arg name='path'>C:\Program Files (x86)\Intel\Inspector XE 2013\bin64\ccrt12.dll</arg>
		<arg name='addr1'>0x00000000C6000000</arg>
		<arg name='addr2'>0x00000000C61ADFFF</arg>
	</msg>
	<!-- Module loaded D:\Document\VS Prj\RealtimeGPURayTracer\x64\Debug\RealtimeGPURayTracer.exe, address range [0x000000013F8F0000-0x000000013F985FFF] -->
	<msg id='7' source='mc'>
		<type>MODULE_LOAD</type>
		<severity>INFO</severity>
		<timestamp>Fri Nov 07 21:48:28 2014</timestamp>
		<arg name='path'>D:\Document\VS Prj\RealtimeGPURayTracer\x64\Debug\RealtimeGPURayTracer.exe</arg>
		<arg name='addr1'>0x000000013F8F0000</arg>
		<arg name='addr2'>0x000000013F985FFF</arg>
	</msg>
	<!-- Module loaded C:\Program Files\NVIDIA Corporation\CoProcManager\nvdxgiwrapx.dll, address range [0x000007FEFA570000-0x000007FEFA592FFF] -->
	<msg id='8' source='mc'>
		<type>MODULE_LOAD</type>
		<severity>INFO</severity>
		<timestamp>Fri Nov 07 21:48:28 2014</timestamp>
		<arg name='path'>C:\Program Files\NVIDIA Corporation\CoProcManager\nvdxgiwrapx.dll</arg>
		<arg name='addr1'>0x000007FEFA570000</arg>
		<arg name='addr2'>0x000007FEFA592FFF</arg>
	</msg>
	<!-- Module loaded C:\Program Files\NVIDIA Corporation\CoProcManager\nvd3d9wrapx.dll, address range [0x000007FEFA5A0000-0x000007FEFA5D2FFF] -->
	<msg id='9' source='mc'>
		<type>MODULE_LOAD</type>
		<severity>INFO</severity>
		<timestamp>Fri Nov 07 21:48:28 2014</timestamp>
		<arg name='path'>C:\Program Files\NVIDIA Corporation\CoProcManager\nvd3d9wrapx.dll</arg>
		<arg name='addr1'>0x000007FEFA5A0000</arg>
		<arg name='addr2'>0x000007FEFA5D2FFF</arg>
	</msg>
	<!-- Module loaded C:\Windows\system32\nvinitx.dll, address range [0x000007FEFCAA0000-0x000007FEFCACEFFF] -->
	<msg id='10' source='mc'>
		<type>MODULE_LOAD</type>
		<severity>INFO</severity>
		<timestamp>Fri Nov 07 21:48:28 2014</timestamp>
		<arg name='path'>C:\Windows\system32\nvinitx.dll</arg>
		<arg name='addr1'>0x000007FEFCAA0000</arg>
		<arg name='addr2'>0x000007FEFCACEFFF</arg>
	</msg>
	<!-- Module loaded C:\Windows\system32\DEVOBJ.dll, address range [0x000007FEFCDB0000-0x000007FEFCDC9FFF] -->
	<msg id='11' source='mc'>
		<type>MODULE_LOAD</type>
		<severity>INFO</severity>
		<timestamp>Fri Nov 07 21:48:28 2014</timestamp>
		<arg name='path'>C:\Windows\system32\DEVOBJ.dll</arg>
		<arg name='addr1'>0x000007FEFCDB0000</arg>
		<arg name='addr2'>0x000007FEFCDC9FFF</arg>
	</msg>
	<!-- Module loaded C:\Windows\system32\KERNELBASE.dll, address range [0x000007FEFCE40000-0x000007FEFCEABFFF], minimal analysis -->
	<msg id='12' source='mc'>
		<type>MODULE_LOAD_NO_ANALYSIS</type>
		<severity>INFO</severity>
		<timestamp>Fri Nov 07 21:48:28 2014</timestamp>
		<arg name='path'>C:\Windows\system32\KERNELBASE.dll</arg>
		<arg name='addr1'>0x000007FEFCE40000</arg>
		<arg name='addr2'>0x000007FEFCEABFFF</arg>
	</msg>
	<!-- Module loaded C:\Windows\system32\CFGMGR32.dll, address range [0x000007FEFCEE0000-0x000007FEFCF15FFF] -->
	<msg id='13' source='mc'>
		<type>MODULE_LOAD</type>
		<severity>INFO</severity>
		<timestamp>Fri Nov 07 21:48:28 2014</timestamp>
		<arg name='path'>C:\Windows\system32\CFGMGR32.dll</arg>
		<arg name='addr1'>0x000007FEFCEE0000</arg>
		<arg name='addr2'>0x000007FEFCF15FFF</arg>
	</msg>
	<!-- Module loaded C:\Windows\SYSTEM32\sechost.dll, address range [0x000007FEFD1D0000-0x000007FEFD1EEFFF] -->
	<msg id='14' source='mc'>
		<type>MODULE_LOAD</type>
		<severity>INFO</severity>
		<timestamp>Fri Nov 07 21:48:28 2014</timestamp>
		<arg name='path'>C:\Windows\SYSTEM32\sechost.dll</arg>
		<arg name='addr1'>0x000007FEFD1D0000</arg>
		<arg name='addr2'>0x000007FEFD1EEFFF</arg>
	</msg>
	<!-- Module loaded C:\Windows\system32\ole32.dll, address range [0x000007FEFD1F0000-0x000007FEFD3F2FFF], minimal analysis -->
	<msg id='15' source='mc'>
		<type>MODULE_LOAD_NO_ANALYSIS</type>
		<severity>INFO</severity>
		<timestamp>Fri Nov 07 21:48:28 2014</timestamp>
		<arg name='path'>C:\Windows\system32\ole32.dll</arg>
		<arg name='addr1'>0x000007FEFD1F0000</arg>
		<arg name='addr2'>0x000007FEFD3F2FFF</arg>
	</msg>
	<!-- Module loaded C:\Windows\system32\OLEAUT32.dll, address range [0x000007FEFE190000-0x000007FEFE266FFF] -->
	<msg id='16' source='mc'>
		<type>MODULE_LOAD</type>
		<severity>INFO</severity>
		<timestamp>Fri Nov 07 21:48:28 2014</timestamp>
		<arg name='path'>C:\Windows\system32\OLEAUT32.dll</arg>
		<arg name='addr1'>0x000007FEFE190000</arg>
		<arg name='addr2'>0x000007FEFE266FFF</arg>
	</msg>
	<!-- Module loaded C:\Windows\system32\GDI32.dll, address range [0x000007FEFE270000-0x000007FEFE2D6FFF], minimal analysis -->
	<msg id='17' source='mc'>
		<type>MODULE_LOAD_NO_ANALYSIS</type>
		<severity>INFO</severity>
		<timestamp>Fri Nov 07 21:48:28 2014</timestamp>
		<arg name='path'>C:\Windows\system32\GDI32.dll</arg>
		<arg name='addr1'>0x000007FEFE270000</arg>
		<arg name='addr2'>0x000007FEFE2D6FFF</arg>
	</msg>
	<!-- Module loaded C:\Windows\system32\msvcrt.dll, address range [0x000007FEFE450000-0x000007FEFE4EEFFF], minimal analysis -->
	<msg id='18' source='mc'>
		<type>MODULE_LOAD_NO_ANALYSIS</type>
		<severity>INFO</severity>
		<timestamp>Fri Nov 07 21:48:28 2014</timestamp>
		<arg name='path'>C:\Windows\system32\msvcrt.dll</arg>
		<arg name='addr1'>0x000007FEFE450000</arg>
		<arg name='addr2'>0x000007FEFE4EEFFF</arg>
	</msg>
	<!-- Module loaded C:\Windows\system32\USP10.dll, address range [0x000007FEFE4F0000-0x000007FEFE5B8FFF], minimal analysis -->
	<msg id='19' source='mc'>
		<type>MODULE_LOAD_NO_ANALYSIS</type>
		<severity>INFO</severity>
		<timestamp>Fri Nov 07 21:48:28 2014</timestamp>
		<arg name='path'>C:\Windows\system32\USP10.dll</arg>
		<arg name='addr1'>0x000007FEFE4F0000</arg>
		<arg name='addr2'>0x000007FEFE5B8FFF</arg>
	</msg>
	<!-- Module loaded C:\Windows\system32\SETUPAPI.dll, address range [0x000007FEFE5C0000-0x000007FEFE796FFF] -->
	<msg id='20' source='mc'>
		<type>MODULE_LOAD</type>
		<severity>INFO</severity>
		<timestamp>Fri Nov 07 21:48:28 2014</timestamp>
		<arg name='path'>C:\Windows\system32\SETUPAPI.dll</arg>
		<arg name='addr1'>0x000007FEFE5C0000</arg>
		<arg name='addr2'>0x000007FEFE796FFF</arg>
	</msg>
	<!-- Module loaded C:\Windows\system32\ADVAPI32.dll, address range [0x000007FEFE8B0000-0x000007FEFE98AFFF], minimal analysis -->
	<msg id='21' source='mc'>
		<type>MODULE_LOAD_NO_ANALYSIS</type>
		<severity>INFO</severity>
		<timestamp>Fri Nov 07 21:48:28 2014</timestamp>
		<arg name='path'>C:\Windows\system32\ADVAPI32.dll</arg>
		<arg name='addr1'>0x000007FEFE8B0000</arg>
		<arg name='addr2'>0x000007FEFE98AFFF</arg>
	</msg>
	<!-- Module loaded C:\Windows\system32\RPCRT4.dll, address range [0x000007FEFE990000-0x000007FEFEABCFFF], minimal analysis -->
	<msg id='22' source='mc'>
		<type>MODULE_LOAD_NO_ANALYSIS</type>
		<severity>INFO</severity>
		<timestamp>Fri Nov 07 21:48:28 2014</timestamp>
		<arg name='path'>C:\Windows\system32\RPCRT4.dll</arg>
		<arg name='addr1'>0x000007FEFE990000</arg>
		<arg name='addr2'>0x000007FEFEABCFFF</arg>
	</msg>
	<!-- Module loaded C:\Windows\system32\MSCTF.dll, address range [0x000007FEFEBC0000-0x000007FEFECC8FFF], minimal analysis -->
	<msg id='23' source='mc'>
		<type>MODULE_LOAD_NO_ANALYSIS</type>
		<severity>INFO</severity>
		<timestamp>Fri Nov 07 21:48:28 2014</timestamp>
		<arg name='path'>C:\Windows\system32\MSCTF.dll</arg>
		<arg name='addr1'>0x000007FEFEBC0000</arg>
		<arg name='addr2'>0x000007FEFECC8FFF</arg>
	</msg>
	<!-- Module loaded C:\Windows\system32\IMM32.DLL, address range [0x000007FEFEFA0000-0x000007FEFEFCDFFF], minimal analysis -->
	<msg id='24' source='mc'>
		<type>MODULE_LOAD_NO_ANALYSIS</type>
		<severity>INFO</severity>
		<timestamp>Fri Nov 07 21:48:28 2014</timestamp>
		<arg name='path'>C:\Windows\system32\IMM32.DLL</arg>
		<arg name='addr1'>0x000007FEFEFA0000</arg>
		<arg name='addr2'>0x000007FEFEFCDFFF</arg>
	</msg>
	<!-- Module loaded C:\Windows\system32\LPK.dll, address range [0x000007FEFF050000-0x000007FEFF05DFFF] -->
	<msg id='25' source='mc'>
		<type>MODULE_LOAD</type>
		<severity>INFO</severity>
		<timestamp>Fri Nov 07 21:48:28 2014</timestamp>
		<arg name='path'>C:\Windows\system32\LPK.dll</arg>
		<arg name='addr1'>0x000007FEFF050000</arg>
		<arg name='addr2'>0x000007FEFF05DFFF</arg>
	</msg>
	<!-- Module loaded C:\Windows\system32\MSVCP100D.dll, address range [0x0000000015A40000-0x0000000015B3BFFF] -->
	<msg id='26' source='mc'>
		<type>MODULE_LOAD</type>
		<severity>INFO</severity>
		<timestamp>Fri Nov 07 21:48:28 2014</timestamp>
		<arg name='path'>C:\Windows\system32\MSVCP100D.dll</arg>
		<arg name='addr1'>0x0000000015A40000</arg>
		<arg name='addr2'>0x0000000015B3BFFF</arg>
	</msg>
	<!-- Module loaded C:\Windows\system32\MSVCR100D.dll, address range [0x0000000000D40000-0x0000000000F0FFFF] -->
	<msg id='27' source='mc'>
		<type>MODULE_LOAD</type>
		<severity>INFO</severity>
		<timestamp>Fri Nov 07 21:48:28 2014</timestamp>
		<arg name='path'>C:\Windows\system32\MSVCR100D.dll</arg>
		<arg name='addr1'>0x0000000000D40000</arg>
		<arg name='addr2'>0x0000000000F0FFFF</arg>
	</msg>
	<!-- Module loaded D:\Document\VS Prj\RealtimeGPURayTracer\x64\Debug\freeglut.dll, address range [0x0000000180000000-0x0000000180060FFF] -->
	<msg id='28' source='mc'>
		<type>MODULE_LOAD</type>
		<severity>INFO</severity>
		<timestamp>Fri Nov 07 21:48:28 2014</timestamp>
		<arg name='path'>D:\Document\VS Prj\RealtimeGPURayTracer\x64\Debug\freeglut.dll</arg>
		<arg name='addr1'>0x0000000180000000</arg>
		<arg name='addr2'>0x0000000180060FFF</arg>
	</msg>
	<!-- Module loaded C:\Windows\system32\OPENGL32.dll, address range [0x000007FEF1FA0000-0x000007FEF20BCFFF] -->
	<msg id='29' source='mc'>
		<type>MODULE_LOAD</type>
		<severity>INFO</severity>
		<timestamp>Fri Nov 07 21:48:28 2014</timestamp>
		<arg name='path'>C:\Windows\system32\OPENGL32.dll</arg>
		<arg name='addr1'>0x000007FEF1FA0000</arg>
		<arg name='addr2'>0x000007FEF20BCFFF</arg>
	</msg>
	<!-- Module loaded C:\Windows\system32\GLU32.dll, address range [0x000007FEF51B0000-0x000007FEF51DCFFF] -->
	<msg id='30' source='mc'>
		<type>MODULE_LOAD</type>
		<severity>INFO</severity>
		<timestamp>Fri Nov 07 21:48:28 2014</timestamp>
		<arg name='path'>C:\Windows\system32\GLU32.dll</arg>
		<arg name='addr1'>0x000007FEF51B0000</arg>
		<arg name='addr2'>0x000007FEF51DCFFF</arg>
	</msg>
	<!-- Module loaded C:\Windows\system32\DDRAW.dll, address range [0x000007FEF1EA0000-0x000007FEF1F90FFF] -->
	<msg id='31' source='mc'>
		<type>MODULE_LOAD</type>
		<severity>INFO</severity>
		<timestamp>Fri Nov 07 21:48:28 2014</timestamp>
		<arg name='path'>C:\Windows\system32\DDRAW.dll</arg>
		<arg name='addr1'>0x000007FEF1EA0000</arg>
		<arg name='addr2'>0x000007FEF1F90FFF</arg>
	</msg>
	<!-- Module loaded C:\Windows\system32\DCIMAN32.dll, address range [0x000007FEF51A0000-0x000007FEF51A7FFF] -->
	<msg id='32' source='mc'>
		<type>MODULE_LOAD</type>
		<severity>INFO</severity>
		<timestamp>Fri Nov 07 21:48:28 2014</timestamp>
		<arg name='path'>C:\Windows\system32\DCIMAN32.dll</arg>
		<arg name='addr1'>0x000007FEF51A0000</arg>
		<arg name='addr2'>0x000007FEF51A7FFF</arg>
	</msg>
	<!-- Module loaded C:\Windows\system32\dwmapi.dll, address range [0x000007FEFADA0000-0x000007FEFADB7FFF], minimal analysis -->
	<msg id='33' source='mc'>
		<type>MODULE_LOAD_NO_ANALYSIS</type>
		<severity>INFO</severity>
		<timestamp>Fri Nov 07 21:48:28 2014</timestamp>
		<arg name='path'>C:\Windows\system32\dwmapi.dll</arg>
		<arg name='addr1'>0x000007FEFADA0000</arg>
		<arg name='addr2'>0x000007FEFADB7FFF</arg>
	</msg>
	<!-- Module loaded C:\Windows\system32\WINMM.dll, address range [0x000007FEFA950000-0x000007FEFA98AFFF] -->
	<msg id='34' source='mc'>
		<type>MODULE_LOAD</type>
		<severity>INFO</severity>
		<timestamp>Fri Nov 07 21:48:28 2014</timestamp>
		<arg name='path'>C:\Windows\system32\WINMM.dll</arg>
		<arg name='addr1'>0x000007FEFA950000</arg>
		<arg name='addr2'>0x000007FEFA98AFFF</arg>
	</msg>
	<!-- Module loaded D:\Document\VS Prj\RealtimeGPURayTracer\x64\Debug\glew32d.dll, address range [0x0000000062720000-0x00000000627A1FFF] -->
	<msg id='35' source='mc'>
		<type>MODULE_LOAD</type>
		<severity>INFO</severity>
		<timestamp>Fri Nov 07 21:48:28 2014</timestamp>
		<arg name='path'>D:\Document\VS Prj\RealtimeGPURayTracer\x64\Debug\glew32d.dll</arg>
		<arg name='addr1'>0x0000000062720000</arg>
		<arg name='addr2'>0x00000000627A1FFF</arg>
	</msg>
	<!-- Module loaded C:\Windows\system32\uxtheme.dll, address range [0x000007FEFB080000-0x000007FEFB0D5FFF], minimal analysis -->
	<msg id='36' source='mc'>
		<type>MODULE_LOAD_NO_ANALYSIS</type>
		<severity>INFO</severity>
		<timestamp>Fri Nov 07 21:48:28 2014</timestamp>
		<arg name='path'>C:\Windows\system32\uxtheme.dll</arg>
		<arg name='addr1'>0x000007FEFB080000</arg>
		<arg name='addr2'>0x000007FEFB0D5FFF</arg>
	</msg>
	<!-- Module loaded C:\Program Files\Common Files\microsoft shared\ink\tiptsf.dll, address range [0x000007FEF2810000-0x000007FEF288EFFF] -->
	<msg id='37' source='mc'>
		<type>MODULE_LOAD</type>
		<severity>INFO</severity>
		<timestamp>Fri Nov 07 21:48:28 2014</timestamp>
		<arg name='path'>C:\Program Files\Common Files\microsoft shared\ink\tiptsf.dll</arg>
		<arg name='addr1'>0x000007FEF2810000</arg>
		<arg name='addr2'>0x000007FEF288EFFF</arg>
	</msg>
	<!-- Module loaded C:\Windows\system32\WINTRUST.dll, address range [0x000007FEFCDF0000-0x000007FEFCE29FFF] -->
	<msg id='38' source='mc'>
		<type>MODULE_LOAD</type>
		<severity>INFO</severity>
		<timestamp>Fri Nov 07 21:48:28 2014</timestamp>
		<arg name='path'>C:\Windows\system32\WINTRUST.dll</arg>
		<arg name='addr1'>0x000007FEFCDF0000</arg>
		<arg name='addr2'>0x000007FEFCE29FFF</arg>
	</msg>
	<!-- Module loaded C:\Windows\system32\CRYPT32.dll, address range [0x000007FEFCB90000-0x000007FEFCCFBFFF] -->
	<msg id='39' source='mc'>
		<type>MODULE_LOAD</type>
		<severity>INFO</severity>
		<timestamp>Fri Nov 07 21:48:28 2014</timestamp>
		<arg name='path'>C:\Windows\system32\CRYPT32.dll</arg>
		<arg name='addr1'>0x000007FEFCB90000</arg>
		<arg name='addr2'>0x000007FEFCCFBFFF</arg>
	</msg>
	<!-- Module loaded C:\Windows\system32\MSASN1.dll, address range [0x000007FEFCB60000-0x000007FEFCB6EFFF] -->
	<msg id='40' source='mc'>
		<type>MODULE_LOAD</type>
		<severity>INFO</severity>
		<timestamp>Fri Nov 07 21:48:28 2014</timestamp>
		<arg name='path'>C:\Windows\system32\MSASN1.dll</arg>
		<arg name='addr1'>0x000007FEFCB60000</arg>
		<arg name='addr2'>0x000007FEFCB6EFFF</arg>
	</msg>
	<!-- Module loaded C:\Windows\system32\nvoglv64.DLL, address range [0x0000000068530000-0x000000006A375FFF] -->
	<msg id='41' source='mc'>
		<type>MODULE_LOAD</type>
		<severity>INFO</severity>
		<timestamp>Fri Nov 07 21:48:28 2014</timestamp>
		<arg name='path'>C:\Windows\system32\nvoglv64.DLL</arg>
		<arg name='addr1'>0x0000000068530000</arg>
		<arg name='addr2'>0x000000006A375FFF</arg>
	</msg>
	<!-- Module loaded C:\Windows\system32\SHELL32.dll, address range [0x000007FEFD400000-0x000007FEFE187FFF], minimal analysis -->
	<msg id='42' source='mc'>
		<type>MODULE_LOAD_NO_ANALYSIS</type>
		<severity>INFO</severity>
		<timestamp>Fri Nov 07 21:48:28 2014</timestamp>
		<arg name='path'>C:\Windows\system32\SHELL32.dll</arg>
		<arg name='addr1'>0x000007FEFD400000</arg>
		<arg name='addr2'>0x000007FEFE187FFF</arg>
	</msg>
	<!-- Module loaded C:\Windows\system32\SHLWAPI.dll, address range [0x000007FEFECD0000-0x000007FEFED40FFF] -->
	<msg id='43' source='mc'>
		<type>MODULE_LOAD</type>
		<severity>INFO</severity>
		<timestamp>Fri Nov 07 21:48:28 2014</timestamp>
		<arg name='path'>C:\Windows\system32\SHLWAPI.dll</arg>
		<arg name='addr1'>0x000007FEFECD0000</arg>
		<arg name='addr2'>0x000007FEFED40FFF</arg>
	</msg>
	<!-- Module loaded C:\Windows\system32\VERSION.dll, address range [0x000007FEFBBB0000-0x000007FEFBBBBFFF] -->
	<msg id='44' source='mc'>
		<type>MODULE_LOAD</type>
		<severity>INFO</severity>
		<timestamp>Fri Nov 07 21:48:28 2014</timestamp>
		<arg name='path'>C:\Windows\system32\VERSION.dll</arg>
		<arg name='addr1'>0x000007FEFBBB0000</arg>
		<arg name='addr2'>0x000007FEFBBBBFFF</arg>
	</msg>
	<!-- Module loaded C:\Windows\system32\WTSAPI32.dll, address range [0x000007FEFBD40000-0x000007FEFBD50FFF] -->
	<msg id='45' source='mc'>
		<type>MODULE_LOAD</type>
		<severity>INFO</severity>
		<timestamp>Fri Nov 07 21:48:28 2014</timestamp>
		<arg name='path'>C:\Windows\system32\WTSAPI32.dll</arg>
		<arg name='addr1'>0x000007FEFBD40000</arg>
		<arg name='addr2'>0x000007FEFBD50FFF</arg>
	</msg>
	<!-- Module loaded C:\Windows\system32\ntmarta.dll, address range [0x000007FEFB3C0000-0x000007FEFB3ECFFF] -->
	<msg id='46' source='mc'>
		<type>MODULE_LOAD</type>
		<severity>INFO</severity>
		<timestamp>Fri Nov 07 21:48:28 2014</timestamp>
		<arg name='path'>C:\Windows\system32\ntmarta.dll</arg>
		<arg name='addr1'>0x000007FEFB3C0000</arg>
		<arg name='addr2'>0x000007FEFB3ECFFF</arg>
	</msg>
	<!-- Module loaded C:\Windows\system32\WLDAP32.dll, address range [0x000007FEFEB60000-0x000007FEFEBB1FFF] -->
	<msg id='47' source='mc'>
		<type>MODULE_LOAD</type>
		<severity>INFO</severity>
		<timestamp>Fri Nov 07 21:48:28 2014</timestamp>
		<arg name='path'>C:\Windows\system32\WLDAP32.dll</arg>
		<arg name='addr1'>0x000007FEFEB60000</arg>
		<arg name='addr2'>0x000007FEFEBB1FFF</arg>
	</msg>
	<!-- Module loaded C:\Windows\system32\POWRPROF.DLL, address range [0x000007FEFB440000-0x000007FEFB46BFFF] -->
	<msg id='48' source='mc'>
		<type>MODULE_LOAD</type>
		<severity>INFO</severity>
		<timestamp>Fri Nov 07 21:48:28 2014</timestamp>
		<arg name='path'>C:\Windows\system32\POWRPROF.DLL</arg>
		<arg name='addr1'>0x000007FEFB440000</arg>
		<arg name='addr2'>0x000007FEFB46BFFF</arg>
	</msg>
	<!-- Module unloaded C:\Windows\system32\POWRPROF.DLL -->
	<msg id='49' source='mc'>
		<type>MODULE_UNLOAD</type>
		<severity>INFO</severity>
		<timestamp>Fri Nov 07 21:48:28 2014</timestamp>
		<arg name='path'>C:\Windows\system32\POWRPROF.DLL</arg>
	</msg>
	<!-- Module loaded C:\Windows\system32\WINSTA.dll, address range [0x000007FEFBE60000-0x000007FEFBE9CFFF] -->
	<msg id='50' source='mc'>
		<type>MODULE_LOAD</type>
		<severity>INFO</severity>
		<timestamp>Fri Nov 07 21:48:28 2014</timestamp>
		<arg name='path'>C:\Windows\system32\WINSTA.dll</arg>
		<arg name='addr1'>0x000007FEFBE60000</arg>
		<arg name='addr2'>0x000007FEFBE9CFFF</arg>
	</msg>
	<!-- Module loaded C:\Windows\system32\CRYPTBASE.dll, address range [0x000007FEFC9D0000-0x000007FEFC9DEFFF], minimal analysis -->
	<msg id='51' source='mc'>
		<type>MODULE_LOAD_NO_ANALYSIS</type>
		<severity>INFO</severity>
		<timestamp>Fri Nov 07 21:48:29 2014</timestamp>
		<arg name='path'>C:\Windows\system32\CRYPTBASE.dll</arg>
		<arg name='addr1'>0x000007FEFC9D0000</arg>
		<arg name='addr2'>0x000007FEFC9DEFFF</arg>
	</msg>
	<!-- Module loaded C:\Windows\system32\CLBCatQ.DLL, address range [0x000007FEFE810000-0x000007FEFE8A8FFF] -->
	<msg id='52' source='mc'>
		<type>MODULE_LOAD</type>
		<severity>INFO</severity>
		<timestamp>Fri Nov 07 21:48:29 2014</timestamp>
		<arg name='path'>C:\Windows\system32\CLBCatQ.DLL</arg>
		<arg name='addr1'>0x000007FEFE810000</arg>
		<arg name='addr2'>0x000007FEFE8A8FFF</arg>
	</msg>
	<!-- DIAG: 13 -->
	<!-- DIAG: 14 -->
	<!-- DIAG: 15 -->
	<!-- DIAG: 16 -->
	<!-- DIAG: 17 -->
	<!-- DIAG: 18 -->
	<!-- DIAG: 19 -->
	<!-- DIAG: 20 -->
	<!-- DIAG: 21 -->
	<!-- DIAG: 22 -->
	<!-- DIAG: 23 -->
	<!-- DIAG: 24 -->
	<!-- DIAG: 25 -->
	<!-- DIAG: 26 -->
	<!-- DIAG: 27 -->
	<!-- DIAG: 28 -->
	<!-- DIAG: 29 -->
	<!-- DIAG: 30 -->
	<!-- DIAG: 31 -->
	<!-- DIAG: 32 -->
	<!-- DIAG: 33 -->
	<!-- DIAG: 34 -->
	<!-- DIAG: 35 -->
	<!-- DIAG: 36 -->
	<!-- DIAG: 37 -->