生成启动时间为 2014/11/16 13:19:18。
     1>项目“D:\study\USC\580project\RealtimeGPURayTracer\RealtimeGPURayTracer\RealtimeGPURayTracer.vcxproj”在节点 2 上(build 个目标)。
     1>InitializeBuildStatus:
         正在创建“x64\Debug\RealtimeGPURayTracer.unsuccessfulbuild”，因为已指定“AlwaysCreate”。
       ClCompile:
         D:\Program Files (x86)\Microsoft Visual Studio 10.0\VC\bin\x86_amd64\CL.exe /c /Zi /nologo /W3 /WX- /Od /D WIN32 /D _CRT_SECURE_NO_WARNINGS /D GLM_FORCE_RADIANS /D _DEBUG /D _CONSOLE /D _UNICODE /D UNICODE /Gm /EHsc /RTC1 /MDd /GS /fp:precise /Zc:wchar_t /Zc:forScope /Fo"x64\Debug\\" /Fd"x64\Debug\vc100.pdb" /Gd /TP /errorReport:prompt LayerPass.cpp
         LayerPass.cpp
     1>LayerPass.cpp(90): warning C4244: “参数”: 从“uint64_t”转换到“GLuint”，可能丢失数据
     1>LayerPass.cpp(91): warning C4244: “参数”: 从“uint64_t”转换到“GLuint”，可能丢失数据
       ManifestResourceCompile:
         所有输出均为最新。
       Link:
         D:\Program Files (x86)\Microsoft Visual Studio 10.0\VC\bin\x86_amd64\link.exe /ERRORREPORT:PROMPT /OUT:"D:\study\USC\580project\RealtimeGPURayTracer\x64\Debug\RealtimeGPURayTracer.exe" /INCREMENTAL /NOLOGO glew32d.lib tinyObjLoaderd.lib kernel32.lib user32.lib gdi32.lib winspool.lib comdlg32.lib advapi32.lib shell32.lib ole32.lib oleaut32.lib uuid.lib odbc32.lib odbccp32.lib /MANIFEST /ManifestFile:"x64\Debug\RealtimeGPURayTracer.exe.intermediate.manifest" /MANIFESTUAC:"level='asInvoker' uiAccess='false'" /DEBUG /PDB:"D:\study\USC\580project\RealtimeGPURayTracer\x64\Debug\RealtimeGPURayTracer.pdb" /SUBSYSTEM:CONSOLE /TLBID:1 /DYNAMICBASE /NXCOMPAT /IMPLIB:"D:\study\USC\580project\RealtimeGPURayTracer\x64\Debug\RealtimeGPURayTracer.lib" /MACHINE:X64 x64\Debug\RealtimeGPURayTracer.exe.embed.manifest.res
         x64\Debug\ConfigFile.obj
         x64\Debug\DrawCalls.obj
         x64\Debug\GBufferGenPassShader.obj
         x64\Debug\Camera.obj
         x64\Debug\GBufferGenPass.obj
         x64\Debug\LayerPass.obj
         x64\Debug\LayerPassShader.obj
         x64\Debug\LightViewPass.obj
         x64\Debug\LightViewPassShader.obj
         x64\Debug\main.obj
         x64\Debug\RenderTargetManager.obj
         x64\Debug\RoomObject.obj
         x64\Debug\SceneMeshObject.obj
         x64\Debug\SceneObject.obj
         x64\Debug\ShaderProgram.obj
         x64\Debug\ShowTexturePass.obj
         x64\Debug\ShowTexturePassShader.obj
         x64\Debug\SimplePass.obj
         x64\Debug\SimplePassShader.obj
         x64\Debug\TextureLoader.obj
         RealtimeGPURayTracer.vcxproj -> D:\study\USC\580project\RealtimeGPURayTracer\x64\Debug\RealtimeGPURayTracer.exe
       Manifest:
         C:\Program Files (x86)\Microsoft SDKs\Windows\v7.0A\bin\mt.exe /nologo /verbose /out:"x64\Debug\RealtimeGPURayTracer.exe.embed.manifest" /manifest x64\Debug\RealtimeGPURayTracer.exe.intermediate.manifest
         所有输出均为最新。
       LinkEmbedManifest:
         所有输出均为最新。
         RealtimeGPURayTracer.vcxproj -> D:\study\USC\580project\RealtimeGPURayTracer\x64\Debug\RealtimeGPURayTracer.exe
       FinalizeBuildStatus:
         正在删除文件“x64\Debug\RealtimeGPURayTracer.unsuccessfulbuild”。
         正在对“x64\Debug\RealtimeGPURayTracer.lastbuildstate”执行 Touch 任务。
     1>已完成生成项目“D:\study\USC\580project\RealtimeGPURayTracer\RealtimeGPURayTracer\RealtimeGPURayTracer.vcxproj”(build 个目标)的操作。

生成成功。

已用时间 00:00:02.40
