D:\STUDY\USC\REALTIMEGPURAYTRACER\REALTIMEGPURAYTRACER\X64\DEBUG\CAMERA.OBJ
D:\study\USC\RealtimeGPURayTracer\RealtimeGPURayTracer\x64\Debug\cl.command.1.tlog
D:\study\USC\RealtimeGPURayTracer\RealtimeGPURayTracer\x64\Debug\CL.read.1.tlog
D:\study\USC\RealtimeGPURayTracer\RealtimeGPURayTracer\x64\Debug\CL.write.1.tlog
D:\STUDY\USC\REALTIMEGPURAYTRACER\REALTIMEGPURAYTRACER\X64\DEBUG\CONFIGFILE.OBJ
D:\STUDY\USC\REALTIMEGPURAYTRACER\REALTIMEGPURAYTRACER\X64\DEBUG\DRAWCALLS.OBJ
D:\STUDY\USC\REALTIMEGPURAYTRACER\REALTIMEGPURAYTRACER\X64\DEBUG\GBUFFERGENPASS.OBJ
D:\STUDY\USC\REALTIMEGPURAYTRACER\REALTIMEGPURAYTRACER\X64\DEBUG\GBUFFERGENPASSSHADER.OBJ
D:\STUDY\USC\REALTIMEGPURAYTRACER\REALTIMEGPURAYTRACER\X64\DEBUG\LAYERPASS.OBJ
D:\STUDY\USC\REALTIMEGPURAYTRACER\REALTIMEGPURAYTRACER\X64\DEBUG\LAYERPASSSHADER.OBJ
D:\STUDY\USC\REALTIMEGPURAYTRACER\REALTIMEGPURAYTRACER\X64\DEBUG\LAYORPASS.OBJ
D:\STUDY\USC\REALTIMEGPURAYTRACER\REALTIMEGPURAYTRACER\X64\DEBUG\LAYORPASSSHADER.OBJ
D:\STUDY\USC\REALTIMEGPURAYTRACER\REALTIMEGPURAYTRACER\X64\DEBUG\LIGHTVIEWPASS.OBJ
D:\STUDY\USC\REALTIMEGPURAYTRACER\REALTIMEGPURAYTRACER\X64\DEBUG\LIGHTVIEWPASSSHADER.OBJ
D:\study\USC\RealtimeGPURayTracer\RealtimeGPURayTracer\x64\Debug\link.1104.read.1.tlog
D:\study\USC\RealtimeGPURayTracer\RealtimeGPURayTracer\x64\Debug\link.1104.read.2.tlog
D:\study\USC\RealtimeGPURayTracer\RealtimeGPURayTracer\x64\Debug\link.1104.write.1.tlog
D:\study\USC\RealtimeGPURayTracer\RealtimeGPURayTracer\x64\Debug\link.1104-cvtres.read.1.tlog
D:\study\USC\RealtimeGPURayTracer\RealtimeGPURayTracer\x64\Debug\link.1104-cvtres.write.1.tlog
D:\study\USC\RealtimeGPURayTracer\RealtimeGPURayTracer\x64\Debug\link.command.1.tlog
D:\study\USC\RealtimeGPURayTracer\RealtimeGPURayTracer\x64\Debug\link.read.1.tlog
D:\study\USC\RealtimeGPURayTracer\RealtimeGPURayTracer\x64\Debug\link.read.2.tlog
D:\study\USC\RealtimeGPURayTracer\RealtimeGPURayTracer\x64\Debug\link.write.1.tlog
D:\study\USC\RealtimeGPURayTracer\RealtimeGPURayTracer\x64\Debug\link-cvtres.read.1.tlog
D:\study\USC\RealtimeGPURayTracer\RealtimeGPURayTracer\x64\Debug\link-cvtres.write.1.tlog
D:\STUDY\USC\REALTIMEGPURAYTRACER\REALTIMEGPURAYTRACER\X64\DEBUG\MAIN.OBJ
D:\study\USC\RealtimeGPURayTracer\RealtimeGPURayTracer\x64\Debug\mt.command.1.tlog
D:\study\USC\RealtimeGPURayTracer\RealtimeGPURayTracer\x64\Debug\mt.read.1.tlog
D:\study\USC\RealtimeGPURayTracer\RealtimeGPURayTracer\x64\Debug\mt.write.1.tlog
D:\study\USC\RealtimeGPURayTracer\RealtimeGPURayTracer\x64\Debug\rc.command.1.tlog
D:\study\USC\RealtimeGPURayTracer\RealtimeGPURayTracer\x64\Debug\rc.read.1.tlog
D:\study\USC\RealtimeGPURayTracer\RealtimeGPURayTracer\x64\Debug\rc.write.1.tlog
D:\STUDY\USC\REALTIMEGPURAYTRACER\REALTIMEGPURAYTRACER\X64\DEBUG\REALTIMEGPURAYTRACER.EXE.EMBED.MANIFEST
D:\STUDY\USC\REALTIMEGPURAYTRACER\REALTIMEGPURAYTRACER\X64\DEBUG\REALTIMEGPURAYTRACER.EXE.EMBED.MANIFEST.RES
D:\STUDY\USC\REALTIMEGPURAYTRACER\REALTIMEGPURAYTRACER\X64\DEBUG\REALTIMEGPURAYTRACER.EXE.INTERMEDIATE.MANIFEST
D:\study\USC\RealtimeGPURayTracer\RealtimeGPURayTracer\x64\Debug\RealtimeGPURayTracer.vcxprojResolveAssemblyReference.cache
D:\study\USC\RealtimeGPURayTracer\RealtimeGPURayTracer\x64\Debug\RealtimeGPURayTracer.write.1.tlog
D:\study\USC\RealtimeGPURayTracer\RealtimeGPURayTracer\x64\Debug\RealtimeGPURayTracer_manifest.rc
D:\STUDY\USC\REALTIMEGPURAYTRACER\REALTIMEGPURAYTRACER\X64\DEBUG\RENDERTARGETMANAGER.OBJ
D:\STUDY\USC\REALTIMEGPURAYTRACER\REALTIMEGPURAYTRACER\X64\DEBUG\ROOMOBJECT.OBJ
D:\STUDY\USC\REALTIMEGPURAYTRACER\REALTIMEGPURAYTRACER\X64\DEBUG\SCENEMESHOBJECT.OBJ
D:\STUDY\USC\REALTIMEGPURAYTRACER\REALTIMEGPURAYTRACER\X64\DEBUG\SCENEOBJECT.OBJ
D:\STUDY\USC\REALTIMEGPURAYTRACER\REALTIMEGPURAYTRACER\X64\DEBUG\SHADERPROGRAM.OBJ
D:\STUDY\USC\REALTIMEGPURAYTRACER\REALTIMEGPURAYTRACER\X64\DEBUG\SHOWTEXTUREPASS.OBJ
D:\STUDY\USC\REALTIMEGPURAYTRACER\REALTIMEGPURAYTRACER\X64\DEBUG\SHOWTEXTUREPASSSHADER.OBJ
D:\STUDY\USC\REALTIMEGPURAYTRACER\REALTIMEGPURAYTRACER\X64\DEBUG\SIMPLEPASS.OBJ
D:\STUDY\USC\REALTIMEGPURAYTRACER\REALTIMEGPURAYTRACER\X64\DEBUG\SIMPLEPASSSHADER.OBJ
D:\STUDY\USC\REALTIMEGPURAYTRACER\REALTIMEGPURAYTRACER\X64\DEBUG\TEXTURELOADER.OBJ
D:\study\USC\RealtimeGPURayTracer\RealtimeGPURayTracer\x64\Debug\vc100.idb
D:\STUDY\USC\REALTIMEGPURAYTRACER\REALTIMEGPURAYTRACER\X64\DEBUG\VC100.PDB
D:\STUDY\USC\REALTIMEGPURAYTRACER\X64\DEBUG\REALTIMEGPURAYTRACER.EXE
D:\STUDY\USC\REALTIMEGPURAYTRACER\X64\DEBUG\REALTIMEGPURAYTRACER.ILK
D:\STUDY\USC\REALTIMEGPURAYTRACER\X64\DEBUG\REALTIMEGPURAYTRACER.PDB
